<!DOCTYPE html PUBLIC "-//W3C//DTD XHTML 1.1//EN" "https://www.w3.org/TR/xhtml11/DTD/xhtml11.dtd">
<html xmlns="https://www.w3.org/1999/xhtml">
<head>
<meta http-equiv="content-type" content="text/html; charset=UTF-8"/>
<title>TestNG Report</title>
<style type="text/css">table {margin-bottom:10px;border-collapse:collapse;empty-cells:show}th,td {border:1px solid #009;padding:.25em .5em}th {vertical-align:bottom}td {vertical-align:top}table a {font-weight:bold}.stripe td {background-color: #E6EBF9}.num {text-align:right}.passedodd td {background-color: #3F3}.passedeven td {background-color: #0A0}.skippedodd td {background-color: #DDD}.skippedeven td {background-color: #CCC}.failedodd td,.attn {background-color: #F33}.failedeven td,.stripe .attn {background-color: #D00}.stacktrace {white-space:pre;font-family:monospace}.totop {font-size:85%;text-align:center;border-bottom:2px solid #000}.invisible {display:none}</style>
</head>
<body>
<table>
<tr><th>Test</th><th># Passed</th><th># Skipped</th><th># Retried</th><th># Failed</th><th>Time (ms)</th><th>Included Groups</th><th>Excluded Groups</th></tr>
<tr><th colspan="8">Visual_Report</th></tr>
<tr><td><a href="#t0">HTML_Report</a></td><td class="num">16</td><td class="num attn">1</td><td class="num">0</td><td class="num attn">6</td><td class="num">229,223</td><td></td><td></td></tr>
</table>
<table id='summary'><thead><tr><th>Class</th><th>Method</th><th>Start</th><th>Time (ms)</th></tr></thead><tbody><tr><th colspan="4">Visual_Report</th></tr></tbody><tbody id="t0"><tr><th colspan="4">HTML_Report &#8212; failed</th></tr><tr class="failedeven"><td rowspan="2">automationcodeofapplication.CartTest</td><td><a href="#m0">addingItemsToCart</a></td><td rowspan="2">1703518819821</td><td rowspan="2">20312</td></tr><tr class="failedeven"><td><a href="#m1">addingItemsToCart</a></td></tr><tr class="failedodd"><td rowspan="2">automationcodeofapplication.CheckoutTest</td><td><a href="#m2">orderPlaced</a></td><td rowspan="2">1703518893786</td><td rowspan="2">15788</td></tr><tr class="failedodd"><td><a href="#m3">orderPlaced</a></td></tr><tr class="failedeven"><td rowspan="2">automationcodeofapplication.LoginTest</td><td><a href="#m4">verifyLoginWithInvalidCredentials</a></td><td rowspan="1">1703518763696</td><td rowspan="1">311</td></tr><tr class="failedeven"><td><a href="#m5">verifyLoginWithValidEmailInvalidPassword</a></td><td rowspan="1">1703518760289</td><td rowspan="1">199</td></tr><tr><th colspan="4">HTML_Report &#8212; skipped</th></tr><tr class="skippedeven"><td rowspan="1">automationcodeofapplication.LoginTest</td><td><a href="#m6">verifyLoginWithInvalidEmailValidPassword</a></td><td rowspan="1">1703518760897</td><td rowspan="1">0</td></tr><tr><th colspan="4">HTML_Report &#8212; passed</th></tr><tr class="passedeven"><td rowspan="3">automationcodeofapplication.CartTest</td><td><a href="#m7">addingItemsToCart</a></td><td rowspan="3">1703518866770</td><td rowspan="3">10163</td></tr><tr class="passedeven"><td><a href="#m8">addingItemsToCart</a></td></tr><tr class="passedeven"><td><a href="#m9">addingItemsToCart</a></td></tr><tr class="passedodd"><td rowspan="3">automationcodeofapplication.CheckoutTest</td><td><a href="#m10">orderPlaced</a></td><td rowspan="3">1703518887622</td><td rowspan="3">3572</td></tr><tr class="passedodd"><td><a href="#m11">orderPlaced</a></td></tr><tr class="passedodd"><td><a href="#m12">orderPlaced</a></td></tr><tr class="passedeven"><td rowspan="10">automationcodeofapplication.LoginTest</td><td><a href="#m13">Logout</a></td><td rowspan="5">1703518803840</td><td rowspan="5">5118</td></tr><tr class="passedeven"><td><a href="#m14">Logout</a></td></tr><tr class="passedeven"><td><a href="#m15">Logout</a></td></tr><tr class="passedeven"><td><a href="#m16">Logout</a></td></tr><tr class="passedeven"><td><a href="#m17">Logout</a></td></tr><tr class="passedeven"><td><a href="#m18">verifyLoginWithValidCredentials</a></td><td rowspan="5">1703518742446</td><td rowspan="5">8575</td></tr><tr class="passedeven"><td><a href="#m19">verifyLoginWithValidCredentials</a></td></tr><tr class="passedeven"><td><a href="#m20">verifyLoginWithValidCredentials</a></td></tr><tr class="passedeven"><td><a href="#m21">verifyLoginWithValidCredentials</a></td></tr><tr class="passedeven"><td><a href="#m22">verifyLoginWithValidCredentials</a></td></tr></tbody>
</table>
<h2>HTML_Report</h2><h3 id="m0">automationcodeofapplication.CartTest#addingItemsToCart</h3><table class="result"><tr class="param"><th>Parameter #1</th><th>Parameter #2</th></tr><tr class="param stripe"><td>error_user</td><td>secret_sauce</td></tr><tr><th colspan="2">Exception</th></tr><tr><td colspan="2"><div class="stacktrace">org.openqa.selenium.NoSuchElementException: no such element: Unable to locate element: {&quot;method&quot;:&quot;xpath&quot;,&quot;selector&quot;:&quot;//button[contains(@id ,&apos;fleece&apos;)]&quot;}
  (Session info: chrome=120.0.6099.111)
For documentation on this error, please visit: https://www.selenium.dev/documentation/webdriver/troubleshooting/errors#no-such-element-exception
Build info: version: &apos;4.14.1&apos;, revision: &apos;03f8ede370&apos;
System info: os.name: &apos;Windows 11&apos;, os.arch: &apos;amd64&apos;, os.version: &apos;10.0&apos;, java.version: &apos;17.0.7&apos;
Driver info: org.openqa.selenium.chrome.ChromeDriver
Command: [98e25b8722f9c16b36ef7f3c907585cf, findElement {using=xpath, value=//button[contains(@id ,&apos;fleece&apos;)]}]
Capabilities {acceptInsecureCerts: false, browserName: chrome, browserVersion: 120.0.6099.111, chrome: {chromedriverVersion: 120.0.6099.109 (3419140ab66..., userDataDir: C:\Users\Nikhil\AppData\Loc...}, fedcm:accounts: true, goog:chromeOptions: {debuggerAddress: localhost:50724}, networkConnectionEnabled: false, pageLoadStrategy: normal, platformName: windows, proxy: Proxy(), se:cdp: ws://localhost:50724/devtoo..., se:cdpVersion: 120.0.6099.111, setWindowRect: true, strictFileInteractability: false, timeouts: {implicit: 0, pageLoad: 300000, script: 30000}, unhandledPromptBehavior: dismiss and notify, webauthn:extension:credBlob: true, webauthn:extension:largeBlob: true, webauthn:extension:minPinLength: true, webauthn:extension:prf: true, webauthn:virtualAuthenticators: true}
Session ID: 98e25b8722f9c16b36ef7f3c907585cf
	at org.openqa.selenium.remote.codec.w3c.W3CHttpResponseCodec.createException(W3CHttpResponseCodec.java:200)
	at org.openqa.selenium.remote.codec.w3c.W3CHttpResponseCodec.decode(W3CHttpResponseCodec.java:133)
	at org.openqa.selenium.remote.codec.w3c.W3CHttpResponseCodec.decode(W3CHttpResponseCodec.java:52)
	at org.openqa.selenium.remote.HttpCommandExecutor.execute(HttpCommandExecutor.java:191)
	at org.openqa.selenium.remote.service.DriverCommandExecutor.invokeExecute(DriverCommandExecutor.java:200)
	at org.openqa.selenium.remote.service.DriverCommandExecutor.execute(DriverCommandExecutor.java:175)
	at org.openqa.selenium.remote.RemoteWebDriver.execute(RemoteWebDriver.java:602)
	at org.openqa.selenium.remote.ElementLocation$ElementFinder$2.findElement(ElementLocation.java:165)
	at org.openqa.selenium.remote.ElementLocation.findElement(ElementLocation.java:59)
	at org.openqa.selenium.remote.RemoteWebDriver.findElement(RemoteWebDriver.java:359)
	at org.openqa.selenium.remote.RemoteWebDriver.findElement(RemoteWebDriver.java:353)
	at org.openqa.selenium.support.pagefactory.DefaultElementLocator.findElement(DefaultElementLocator.java:68)
	at org.openqa.selenium.support.pagefactory.internal.LocatingElementHandler.invoke(LocatingElementHandler.java:38)
	at jdk.proxy2/jdk.proxy2.$Proxy15.isDisplayed(Unknown Source)
	at locatorsdataofapplication.ProductsPage.itemsInTheCart(ProductsPage.java:35)
	at automationcodeofapplication.CartTest.addingItemsToCart(CartTest.java:54)
	at java.base/java.util.ArrayList.forEach(ArrayList.java:1511)
... Removed 32 stack frames</div></td></tr></table><p class="totop"><a href="#summary">back to summary</a></p>
<h3 id="m1">automationcodeofapplication.CartTest#addingItemsToCart</h3><table class="result"><tr class="param"><th>Parameter #1</th><th>Parameter #2</th></tr><tr class="param stripe"><td>problem_user</td><td>secret_sauce</td></tr><tr><th colspan="2">Exception</th></tr><tr><td colspan="2"><div class="stacktrace">org.openqa.selenium.NoSuchElementException: no such element: Unable to locate element: {&quot;method&quot;:&quot;xpath&quot;,&quot;selector&quot;:&quot;//button[contains(@id ,&apos;fleece&apos;)]&quot;}
  (Session info: chrome=120.0.6099.111)
For documentation on this error, please visit: https://www.selenium.dev/documentation/webdriver/troubleshooting/errors#no-such-element-exception
Build info: version: &apos;4.14.1&apos;, revision: &apos;03f8ede370&apos;
System info: os.name: &apos;Windows 11&apos;, os.arch: &apos;amd64&apos;, os.version: &apos;10.0&apos;, java.version: &apos;17.0.7&apos;
Driver info: org.openqa.selenium.chrome.ChromeDriver
Command: [917e5b5cb7dce92881a99898c65efc7a, findElement {using=xpath, value=//button[contains(@id ,&apos;fleece&apos;)]}]
Capabilities {acceptInsecureCerts: false, browserName: chrome, browserVersion: 120.0.6099.111, chrome: {chromedriverVersion: 120.0.6099.109 (3419140ab66..., userDataDir: C:\Users\Nikhil\AppData\Loc...}, fedcm:accounts: true, goog:chromeOptions: {debuggerAddress: localhost:50766}, networkConnectionEnabled: false, pageLoadStrategy: normal, platformName: windows, proxy: Proxy(), se:cdp: ws://localhost:50766/devtoo..., se:cdpVersion: 120.0.6099.111, setWindowRect: true, strictFileInteractability: false, timeouts: {implicit: 0, pageLoad: 300000, script: 30000}, unhandledPromptBehavior: dismiss and notify, webauthn:extension:credBlob: true, webauthn:extension:largeBlob: true, webauthn:extension:minPinLength: true, webauthn:extension:prf: true, webauthn:virtualAuthenticators: true}
Session ID: 917e5b5cb7dce92881a99898c65efc7a
	at org.openqa.selenium.remote.codec.w3c.W3CHttpResponseCodec.createException(W3CHttpResponseCodec.java:200)
	at org.openqa.selenium.remote.codec.w3c.W3CHttpResponseCodec.decode(W3CHttpResponseCodec.java:133)
	at org.openqa.selenium.remote.codec.w3c.W3CHttpResponseCodec.decode(W3CHttpResponseCodec.java:52)
	at org.openqa.selenium.remote.HttpCommandExecutor.execute(HttpCommandExecutor.java:191)
	at org.openqa.selenium.remote.service.DriverCommandExecutor.invokeExecute(DriverCommandExecutor.java:200)
	at org.openqa.selenium.remote.service.DriverCommandExecutor.execute(DriverCommandExecutor.java:175)
	at org.openqa.selenium.remote.RemoteWebDriver.execute(RemoteWebDriver.java:602)
	at org.openqa.selenium.remote.ElementLocation$ElementFinder$2.findElement(ElementLocation.java:165)
	at org.openqa.selenium.remote.ElementLocation.findElement(ElementLocation.java:59)
	at org.openqa.selenium.remote.RemoteWebDriver.findElement(RemoteWebDriver.java:359)
	at org.openqa.selenium.remote.RemoteWebDriver.findElement(RemoteWebDriver.java:353)
	at org.openqa.selenium.support.pagefactory.DefaultElementLocator.findElement(DefaultElementLocator.java:68)
	at org.openqa.selenium.support.pagefactory.internal.LocatingElementHandler.invoke(LocatingElementHandler.java:38)
	at jdk.proxy2/jdk.proxy2.$Proxy15.isDisplayed(Unknown Source)
	at locatorsdataofapplication.ProductsPage.itemsInTheCart(ProductsPage.java:35)
	at automationcodeofapplication.CartTest.addingItemsToCart(CartTest.java:54)
	at java.base/java.util.ArrayList.forEach(ArrayList.java:1511)
... Removed 32 stack frames</div></td></tr></table><p class="totop"><a href="#summary">back to summary</a></p>
<h3 id="m2">automationcodeofapplication.CheckoutTest#orderPlaced</h3><table class="result"><tr class="param"><th>Parameter #1</th><th>Parameter #2</th></tr><tr class="param stripe"><td>error_user</td><td>secret_sauce</td></tr><tr><th colspan="2">Exception</th></tr><tr><td colspan="2"><div class="stacktrace">org.openqa.selenium.NoSuchElementException: no such element: Unable to locate element: {&quot;method&quot;:&quot;xpath&quot;,&quot;selector&quot;:&quot;//button[contains(@id ,&apos;fleece&apos;)]&quot;}
  (Session info: chrome=120.0.6099.111)
For documentation on this error, please visit: https://www.selenium.dev/documentation/webdriver/troubleshooting/errors#no-such-element-exception
Build info: version: &apos;4.14.1&apos;, revision: &apos;03f8ede370&apos;
System info: os.name: &apos;Windows 11&apos;, os.arch: &apos;amd64&apos;, os.version: &apos;10.0&apos;, java.version: &apos;17.0.7&apos;
Driver info: org.openqa.selenium.chrome.ChromeDriver
Command: [be750adfebb17f2b943fd11a7ab0f33f, findElement {using=xpath, value=//button[contains(@id ,&apos;fleece&apos;)]}]
Capabilities {acceptInsecureCerts: false, browserName: chrome, browserVersion: 120.0.6099.111, chrome: {chromedriverVersion: 120.0.6099.109 (3419140ab66..., userDataDir: C:\Users\Nikhil\AppData\Loc...}, fedcm:accounts: true, goog:chromeOptions: {debuggerAddress: localhost:50897}, networkConnectionEnabled: false, pageLoadStrategy: normal, platformName: windows, proxy: Proxy(), se:cdp: ws://localhost:50897/devtoo..., se:cdpVersion: 120.0.6099.111, setWindowRect: true, strictFileInteractability: false, timeouts: {implicit: 0, pageLoad: 300000, script: 30000}, unhandledPromptBehavior: dismiss and notify, webauthn:extension:credBlob: true, webauthn:extension:largeBlob: true, webauthn:extension:minPinLength: true, webauthn:extension:prf: true, webauthn:virtualAuthenticators: true}
Session ID: be750adfebb17f2b943fd11a7ab0f33f
	at org.openqa.selenium.remote.codec.w3c.W3CHttpResponseCodec.createException(W3CHttpResponseCodec.java:200)
	at org.openqa.selenium.remote.codec.w3c.W3CHttpResponseCodec.decode(W3CHttpResponseCodec.java:133)
	at org.openqa.selenium.remote.codec.w3c.W3CHttpResponseCodec.decode(W3CHttpResponseCodec.java:52)
	at org.openqa.selenium.remote.HttpCommandExecutor.execute(HttpCommandExecutor.java:191)
	at org.openqa.selenium.remote.service.DriverCommandExecutor.invokeExecute(DriverCommandExecutor.java:200)
	at org.openqa.selenium.remote.service.DriverCommandExecutor.execute(DriverCommandExecutor.java:175)
	at org.openqa.selenium.remote.RemoteWebDriver.execute(RemoteWebDriver.java:602)
	at org.openqa.selenium.remote.ElementLocation$ElementFinder$2.findElement(ElementLocation.java:165)
	at org.openqa.selenium.remote.ElementLocation.findElement(ElementLocation.java:59)
	at org.openqa.selenium.remote.RemoteWebDriver.findElement(RemoteWebDriver.java:359)
	at org.openqa.selenium.remote.RemoteWebDriver.findElement(RemoteWebDriver.java:353)
	at org.openqa.selenium.support.pagefactory.DefaultElementLocator.findElement(DefaultElementLocator.java:68)
	at org.openqa.selenium.support.pagefactory.internal.LocatingElementHandler.invoke(LocatingElementHandler.java:38)
	at jdk.proxy2/jdk.proxy2.$Proxy15.isDisplayed(Unknown Source)
	at locatorsdataofapplication.ProductsPage.itemsInTheCart(ProductsPage.java:35)
	at automationcodeofapplication.CheckoutTest.orderPlaced(CheckoutTest.java:49)
	at java.base/java.util.ArrayList.forEach(ArrayList.java:1511)
... Removed 32 stack frames</div></td></tr></table><p class="totop"><a href="#summary">back to summary</a></p>
<h3 id="m3">automationcodeofapplication.CheckoutTest#orderPlaced</h3><table class="result"><tr class="param"><th>Parameter #1</th><th>Parameter #2</th></tr><tr class="param stripe"><td>problem_user</td><td>secret_sauce</td></tr><tr><th colspan="2">Exception</th></tr><tr><td colspan="2"><div class="stacktrace">org.openqa.selenium.NoSuchElementException: no such element: Unable to locate element: {&quot;method&quot;:&quot;xpath&quot;,&quot;selector&quot;:&quot;//button[contains(@id ,&apos;fleece&apos;)]&quot;}
  (Session info: chrome=120.0.6099.111)
For documentation on this error, please visit: https://www.selenium.dev/documentation/webdriver/troubleshooting/errors#no-such-element-exception
Build info: version: &apos;4.14.1&apos;, revision: &apos;03f8ede370&apos;
System info: os.name: &apos;Windows 11&apos;, os.arch: &apos;amd64&apos;, os.version: &apos;10.0&apos;, java.version: &apos;17.0.7&apos;
Driver info: org.openqa.selenium.chrome.ChromeDriver
Command: [bcc24353a2c24ab946bfecda03109c74, findElement {using=xpath, value=//button[contains(@id ,&apos;fleece&apos;)]}]
Capabilities {acceptInsecureCerts: false, browserName: chrome, browserVersion: 120.0.6099.111, chrome: {chromedriverVersion: 120.0.6099.109 (3419140ab66..., userDataDir: C:\Users\Nikhil\AppData\Loc...}, fedcm:accounts: true, goog:chromeOptions: {debuggerAddress: localhost:50935}, networkConnectionEnabled: false, pageLoadStrategy: normal, platformName: windows, proxy: Proxy(), se:cdp: ws://localhost:50935/devtoo..., se:cdpVersion: 120.0.6099.111, setWindowRect: true, strictFileInteractability: false, timeouts: {implicit: 0, pageLoad: 300000, script: 30000}, unhandledPromptBehavior: dismiss and notify, webauthn:extension:credBlob: true, webauthn:extension:largeBlob: true, webauthn:extension:minPinLength: true, webauthn:extension:prf: true, webauthn:virtualAuthenticators: true}
Session ID: bcc24353a2c24ab946bfecda03109c74
	at org.openqa.selenium.remote.codec.w3c.W3CHttpResponseCodec.createException(W3CHttpResponseCodec.java:200)
	at org.openqa.selenium.remote.codec.w3c.W3CHttpResponseCodec.decode(W3CHttpResponseCodec.java:133)
	at org.openqa.selenium.remote.codec.w3c.W3CHttpResponseCodec.decode(W3CHttpResponseCodec.java:52)
	at org.openqa.selenium.remote.HttpCommandExecutor.execute(HttpCommandExecutor.java:191)
	at org.openqa.selenium.remote.service.DriverCommandExecutor.invokeExecute(DriverCommandExecutor.java:200)
	at org.openqa.selenium.remote.service.DriverCommandExecutor.execute(DriverCommandExecutor.java:175)
	at org.openqa.selenium.remote.RemoteWebDriver.execute(RemoteWebDriver.java:602)
	at org.openqa.selenium.remote.ElementLocation$ElementFinder$2.findElement(ElementLocation.java:165)
	at org.openqa.selenium.remote.ElementLocation.findElement(ElementLocation.java:59)
	at org.openqa.selenium.remote.RemoteWebDriver.findElement(RemoteWebDriver.java:359)
	at org.openqa.selenium.remote.RemoteWebDriver.findElement(RemoteWebDriver.java:353)
	at org.openqa.selenium.support.pagefactory.DefaultElementLocator.findElement(DefaultElementLocator.java:68)
	at org.openqa.selenium.support.pagefactory.internal.LocatingElementHandler.invoke(LocatingElementHandler.java:38)
	at jdk.proxy2/jdk.proxy2.$Proxy15.isDisplayed(Unknown Source)
	at locatorsdataofapplication.ProductsPage.itemsInTheCart(ProductsPage.java:35)
	at automationcodeofapplication.CheckoutTest.orderPlaced(CheckoutTest.java:49)
	at java.base/java.util.ArrayList.forEach(ArrayList.java:1511)
... Removed 32 stack frames</div></td></tr></table><p class="totop"><a href="#summary">back to summary</a></p>
<h3 id="m4">automationcodeofapplication.LoginTest#verifyLoginWithInvalidCredentials</h3><table class="result"><tr><th>Exception</th></tr><tr><td><div class="stacktrace">java.lang.IllegalArgumentException: Keys to send should be a not null CharSequence
	at org.openqa.selenium.remote.RemoteWebElement.sendKeys(RemoteWebElement.java:97)
	at org.openqa.selenium.support.pagefactory.internal.LocatingElementHandler.invoke(LocatingElementHandler.java:51)
	at jdk.proxy2/jdk.proxy2.$Proxy15.sendKeys(Unknown Source)
	at locatorsdataofapplication.LoginPage.navigateToAccountPage(LoginPage.java:44)
	at automationcodeofapplication.LoginTest.verifyLoginWithInvalidCredentials(LoginTest.java:93)
	at java.base/java.util.ArrayList.forEach(ArrayList.java:1511)
... Removed 31 stack frames</div></td></tr></table><p class="totop"><a href="#summary">back to summary</a></p>
<h3 id="m5">automationcodeofapplication.LoginTest#verifyLoginWithValidEmailInvalidPassword</h3><table class="result"><tr><th>Exception</th></tr><tr><td><div class="stacktrace">java.lang.IllegalArgumentException: Keys to send should be a not null CharSequence
	at org.openqa.selenium.remote.RemoteWebElement.sendKeys(RemoteWebElement.java:97)
	at org.openqa.selenium.support.pagefactory.internal.LocatingElementHandler.invoke(LocatingElementHandler.java:51)
	at jdk.proxy2/jdk.proxy2.$Proxy15.sendKeys(Unknown Source)
	at locatorsdataofapplication.LoginPage.navigateToAccountPage(LoginPage.java:44)
	at automationcodeofapplication.LoginTest.verifyLoginWithValidEmailInvalidPassword(LoginTest.java:70)
	at java.base/java.util.ArrayList.forEach(ArrayList.java:1511)
... Removed 31 stack frames</div></td></tr></table><p class="totop"><a href="#summary">back to summary</a></p>
<h3 id="m6">automationcodeofapplication.LoginTest#verifyLoginWithInvalidEmailValidPassword</h3><table class="result"><tr><th>Exception</th></tr><tr><td><div class="stacktrace">java.lang.Throwable: Method automationcodeofapplication.LoginTest.verifyLoginWithInvalidEmailValidPassword() on instance automationcodeofapplication.LoginTest@173ed316 depends on not successfully finished methods 
[automationcodeofapplication.LoginTest.verifyLoginWithValidEmailInvalidPassword() on instance automationcodeofapplication.LoginTest@173ed316]
	at java.base/java.util.ArrayList.forEach(ArrayList.java:1511)
... Removed 18 stack frames</div></td></tr></table><p class="totop"><a href="#summary">back to summary</a></p>
<h3 id="m7">automationcodeofapplication.CartTest#addingItemsToCart</h3><table class="result"><tr class="param"><th>Parameter #1</th><th>Parameter #2</th></tr><tr class="param stripe"><td>performance_glitch_user</td><td>secret_sauce</td></tr></table><p class="totop"><a href="#summary">back to summary</a></p>
<h3 id="m8">automationcodeofapplication.CartTest#addingItemsToCart</h3><table class="result"><tr class="param"><th>Parameter #1</th><th>Parameter #2</th></tr><tr class="param stripe"><td>standard_user</td><td>secret_sauce</td></tr></table><p class="totop"><a href="#summary">back to summary</a></p>
<h3 id="m9">automationcodeofapplication.CartTest#addingItemsToCart</h3><table class="result"><tr class="param"><th>Parameter #1</th><th>Parameter #2</th></tr><tr class="param stripe"><td>standard_user</td><td>secret_sauce</td></tr></table><p class="totop"><a href="#summary">back to summary</a></p>
<h3 id="m10">automationcodeofapplication.CheckoutTest#orderPlaced</h3><table class="result"><tr class="param"><th>Parameter #1</th><th>Parameter #2</th></tr><tr class="param stripe"><td>standard_user</td><td>secret_sauce</td></tr></table><p class="totop"><a href="#summary">back to summary</a></p>
<h3 id="m11">automationcodeofapplication.CheckoutTest#orderPlaced</h3><table class="result"><tr class="param"><th>Parameter #1</th><th>Parameter #2</th></tr><tr class="param stripe"><td>standard_user</td><td>secret_sauce</td></tr></table><p class="totop"><a href="#summary">back to summary</a></p>
<h3 id="m12">automationcodeofapplication.CheckoutTest#orderPlaced</h3><table class="result"><tr class="param"><th>Parameter #1</th><th>Parameter #2</th></tr><tr class="param stripe"><td>performance_glitch_user</td><td>secret_sauce</td></tr></table><p class="totop"><a href="#summary">back to summary</a></p>
<h3 id="m13">automationcodeofapplication.LoginTest#Logout</h3><table class="result"><tr class="param"><th>Parameter #1</th><th>Parameter #2</th></tr><tr class="param stripe"><td>standard_user</td><td>secret_sauce</td></tr></table><p class="totop"><a href="#summary">back to summary</a></p>
<h3 id="m14">automationcodeofapplication.LoginTest#Logout</h3><table class="result"><tr class="param"><th>Parameter #1</th><th>Parameter #2</th></tr><tr class="param stripe"><td>standard_user</td><td>secret_sauce</td></tr></table><p class="totop"><a href="#summary">back to summary</a></p>
<h3 id="m15">automationcodeofapplication.LoginTest#Logout</h3><table class="result"><tr class="param"><th>Parameter #1</th><th>Parameter #2</th></tr><tr class="param stripe"><td>error_user</td><td>secret_sauce</td></tr></table><p class="totop"><a href="#summary">back to summary</a></p>
<h3 id="m16">automationcodeofapplication.LoginTest#Logout</h3><table class="result"><tr class="param"><th>Parameter #1</th><th>Parameter #2</th></tr><tr class="param stripe"><td>performance_glitch_user</td><td>secret_sauce</td></tr></table><p class="totop"><a href="#summary">back to summary</a></p>
<h3 id="m17">automationcodeofapplication.LoginTest#Logout</h3><table class="result"><tr class="param"><th>Parameter #1</th><th>Parameter #2</th></tr><tr class="param stripe"><td>problem_user</td><td>secret_sauce</td></tr></table><p class="totop"><a href="#summary">back to summary</a></p>
<h3 id="m18">automationcodeofapplication.LoginTest#verifyLoginWithValidCredentials</h3><table class="result"><tr class="param"><th>Parameter #1</th><th>Parameter #2</th></tr><tr class="param stripe"><td>performance_glitch_user</td><td>secret_sauce</td></tr></table><p class="totop"><a href="#summary">back to summary</a></p>
<h3 id="m19">automationcodeofapplication.LoginTest#verifyLoginWithValidCredentials</h3><table class="result"><tr class="param"><th>Parameter #1</th><th>Parameter #2</th></tr><tr class="param stripe"><td>problem_user</td><td>secret_sauce</td></tr></table><p class="totop"><a href="#summary">back to summary</a></p>
<h3 id="m20">automationcodeofapplication.LoginTest#verifyLoginWithValidCredentials</h3><table class="result"><tr class="param"><th>Parameter #1</th><th>Parameter #2</th></tr><tr class="param stripe"><td>standard_user</td><td>secret_sauce</td></tr></table><p class="totop"><a href="#summary">back to summary</a></p>
<h3 id="m21">automationcodeofapplication.LoginTest#verifyLoginWithValidCredentials</h3><table class="result"><tr class="param"><th>Parameter #1</th><th>Parameter #2</th></tr><tr class="param stripe"><td>error_user</td><td>secret_sauce</td></tr></table><p class="totop"><a href="#summary">back to summary</a></p>
<h3 id="m22">automationcodeofapplication.LoginTest#verifyLoginWithValidCredentials</h3><table class="result"><tr class="param"><th>Parameter #1</th><th>Parameter #2</th></tr><tr class="param stripe"><td>standard_user</td><td>secret_sauce</td></tr></table><p class="totop"><a href="#summary">back to summary</a></p>
</body>
</html>
